<story path="Stories/verifyLogin.story" title="">
<meta>
<property keyword="@" name="FullSuite" value=""/>
<property keyword="@" name="LoginLogout" value=""/>
</meta>
<narrative keyword="Narrative:">
  <inOrderTo keyword="In order to">test the Login functionality</inOrderTo>
  <asA keyword="As a">tester</asA>
  <iWantTo keyword="I want to">be able to verify Myaccount login functionality, field validations.</iWantTo>
</narrative>
<scenario keyword="Scenario:" title="To validate Login logout process">
<examples keyword="Examples:">
<step>Given the user is on amazon home page</step>
<step>When the user click on login link</step>
<step>Then verify the user is on login page</step>
<step>When the user enter &lt;SubscribedID&gt; and &lt;ValidPassword&gt;</step>
<step>And click on sign in button</step>
<step>Then the user verify login properly</step>
<step>When the user click on logout link</step>
<step>Then the user verify logout properly</step>
<parameters>
<names><name>SubscribedID</name><name>ValidPassword</name></names>
<values><value>gobinda.test@gmail.com</value><value>Welcome@123</value></values>
</parameters>

<example keyword="Example:">{SubscribedID=gobinda.test@gmail.com, ValidPassword=Welcome@123, FullSuite=, LoginLogout=}</example>
<step outcome="successful">Given the user is on amazon home page</step>
<step outcome="successful">When the user click on login link</step>
<step outcome="successful">Then verify the user is on login page</step>
<step outcome="successful">When the user enter <parameter>gobinda.test@gmail.com</parameter> and <parameter>Welcome@123</parameter></step>
<step outcome="successful">And click on sign in button</step>
<step outcome="failed" keyword="FAILED">Then the user verify login properly<failure>org.openqa.selenium.NoSuchElementException: no such element: Unable to locate element: {&quot;method&quot;:&quot;xpath&quot;,&quot;selector&quot;:&quot;//*[@id=&apos;nav-link-accountList&apos;]&quot;}
  (Session info: chrome=74.0.3729.169)
  (Driver info: chromedriver=2.41.578737 (49da6702b16031c40d63e5618de03a32ff6c197e),platform=Windows NT 10.0.17134 x86_64) (WARNING: The server did not provide any stacktrace information)
Command duration or timeout: 0 milliseconds
For documentation on this error, please visit: http://seleniumhq.org/exceptions/no_such_element.html
Build info: version: &apos;3.14.0&apos;, revision: &apos;aacccce0&apos;, time: &apos;2018-08-02T20:19:58.91Z&apos;
System info: host: &apos;DESKTOP-PAURPOM&apos;, ip: &apos;192.168.4.75&apos;, os.name: &apos;Windows 10&apos;, os.arch: &apos;amd64&apos;, os.version: &apos;10.0&apos;, java.version: &apos;1.8.0_181&apos;
Driver info: org.openqa.selenium.chrome.ChromeDriver
Capabilities {acceptInsecureCerts: false, acceptSslCerts: false, applicationCacheEnabled: false, browserConnectionEnabled: false, browserName: chrome, chrome: {chromedriverVersion: 2.41.578737 (49da6702b16031..., userDataDir: C:\Users\gobinda\AppData\Lo...}, cssSelectorsEnabled: true, databaseEnabled: false, goog:chromeOptions: {debuggerAddress: localhost:51846}, handlesAlerts: true, hasTouchScreen: false, javascriptEnabled: true, locationContextEnabled: true, mobileEmulationEnabled: false, nativeEvents: true, networkConnectionEnabled: false, pageLoadStrategy: normal, platform: XP, platformName: XP, rotatable: false, setWindowRect: true, takesHeapSnapshot: true, takesScreenshot: true, unexpectedAlertBehaviour: , unhandledPromptBehavior: , version: 74.0.3729.169, webStorageEnabled: true}
Session ID: 84031c3cbb6f5a3fac8ebd4c17a08223
*** Element info: {Using=xpath, value=//*[@id=&apos;nav-link-accountList&apos;]}</failure></step>
<step outcome="notPerformed" keyword="NOT PERFORMED">When the user click on logout link</step>
<step outcome="notPerformed" keyword="NOT PERFORMED">Then the user verify logout properly</step>
</examples>
<failure>org.openqa.selenium.NoSuchElementException: no such element: Unable to locate element: {&quot;method&quot;:&quot;xpath&quot;,&quot;selector&quot;:&quot;//*[@id=&apos;nav-link-accountList&apos;]&quot;}
  (Session info: chrome=74.0.3729.169)
  (Driver info: chromedriver=2.41.578737 (49da6702b16031c40d63e5618de03a32ff6c197e),platform=Windows NT 10.0.17134 x86_64) (WARNING: The server did not provide any stacktrace information)
Command duration or timeout: 0 milliseconds
For documentation on this error, please visit: http://seleniumhq.org/exceptions/no_such_element.html
Build info: version: &apos;3.14.0&apos;, revision: &apos;aacccce0&apos;, time: &apos;2018-08-02T20:19:58.91Z&apos;
System info: host: &apos;DESKTOP-PAURPOM&apos;, ip: &apos;192.168.4.75&apos;, os.name: &apos;Windows 10&apos;, os.arch: &apos;amd64&apos;, os.version: &apos;10.0&apos;, java.version: &apos;1.8.0_181&apos;
Driver info: org.openqa.selenium.chrome.ChromeDriver
Capabilities {acceptInsecureCerts: false, acceptSslCerts: false, applicationCacheEnabled: false, browserConnectionEnabled: false, browserName: chrome, chrome: {chromedriverVersion: 2.41.578737 (49da6702b16031..., userDataDir: C:\Users\gobinda\AppData\Lo...}, cssSelectorsEnabled: true, databaseEnabled: false, goog:chromeOptions: {debuggerAddress: localhost:51846}, handlesAlerts: true, hasTouchScreen: false, javascriptEnabled: true, locationContextEnabled: true, mobileEmulationEnabled: false, nativeEvents: true, networkConnectionEnabled: false, pageLoadStrategy: normal, platform: XP, platformName: XP, rotatable: false, setWindowRect: true, takesHeapSnapshot: true, takesScreenshot: true, unexpectedAlertBehaviour: , unhandledPromptBehavior: , version: 74.0.3729.169, webStorageEnabled: true}
Session ID: 84031c3cbb6f5a3fac8ebd4c17a08223
*** Element info: {Using=xpath, value=//*[@id=&apos;nav-link-accountList&apos;]}
	(reflection-construct)
	at org.openqa.selenium.remote.ErrorHandler.createThrowable(ErrorHandler.java:214)
	at org.openqa.selenium.remote.ErrorHandler.throwIfResponseFailed(ErrorHandler.java:166)
	at org.openqa.selenium.remote.http.JsonHttpResponseCodec.reconstructValue(JsonHttpResponseCodec.java:40)
	at org.openqa.selenium.remote.http.AbstractHttpResponseCodec.decode(AbstractHttpResponseCodec.java:80)
	at org.openqa.selenium.remote.http.AbstractHttpResponseCodec.decode(AbstractHttpResponseCodec.java:44)
	at org.openqa.selenium.remote.HttpCommandExecutor.execute(HttpCommandExecutor.java:158)
	at org.openqa.selenium.remote.service.DriverCommandExecutor.execute(DriverCommandExecutor.java:83)
	at org.openqa.selenium.remote.RemoteWebDriver.execute(RemoteWebDriver.java:548)
	at org.openqa.selenium.remote.RemoteWebDriver.findElement(RemoteWebDriver.java:322)
	at org.openqa.selenium.remote.RemoteWebDriver.findElementByXPath(RemoteWebDriver.java:424)
	at org.openqa.selenium.By$ByXPath.findElement(By.java:353)
	at org.openqa.selenium.remote.RemoteWebDriver.findElement(RemoteWebDriver.java:314)
	at net.thucydides.core.webdriver.WebDriverFacade.findElement(WebDriverFacade.java:222)
	at com.amazon.test.reusable.Reusable.mouseHoverUsingAction(Reusable.java:63)
	at com.amazon.test.pages.ATLoginPage.verifyLoginProperly(ATLoginPage.java:31)
	at com.amazon.test.steps.ATLoginPageStep.verifyLoginProperly(ATLoginPageStep.java:23)
	(reflection-invoke)
	at org.jbehave.core.steps.StepCreator$ParametrisedStep.perform(StepCreator.java:782)
	at org.jbehave.core.embedder.PerformableTree$FineSoFar.run(PerformableTree.java:350)
...</failure>
</scenario>
</story>
