-------------------------------------------------------------------------------
Test set: com.amazon.test.steps.AcceptanceTestSuite
-------------------------------------------------------------------------------
Tests run: 21, Failures: 0, Errors: 1, Skipped: 11, Time elapsed: 182.125 s <<< FAILURE! - in com.amazon.test.steps.AcceptanceTestSuite
When the user select quantity two and click on add to cart(com.amazon.test.steps.ATPlpPdpPageStep)  Time elapsed: 71.184 s  <<< ERROR!
net.thucydides.core.webdriver.exceptions.ElementShouldBeEnabledException: Expected enabled element was not enabled
	at com.amazon.test.steps.ATPlpPdpPageStep.selectQty2AndClickOnAddToCart(ATPlpPdpPageStep.java:36)
Caused by: org.openqa.selenium.TimeoutException: Expected condition failed: waiting for By.xpath: (//*[@class='a-nostyle a-list-link']/li)[2] to be enabled (tried for 5 second(s) with 100 milliseconds interval)
	at com.amazon.test.steps.ATPlpPdpPageStep.selectQty2AndClickOnAddToCart(ATPlpPdpPageStep.java:36)
Caused by: org.openqa.selenium.NoSuchElementException: 
no such element: Unable to locate element: {"method":"xpath","selector":"(//*[@class='a-nostyle a-list-link']/li)[2]"}
  (Session info: chrome=75.0.3770.100)
  (Driver info: chromedriver=2.41.578737 (49da6702b16031c40d63e5618de03a32ff6c197e),platform=Windows NT 10.0.17134 x86_64) (WARNING: The server did not provide any stacktrace information)
Command duration or timeout: 0 milliseconds
For documentation on this error, please visit: http://seleniumhq.org/exceptions/no_such_element.html
Build info: version: '3.14.0', revision: 'aacccce0', time: '2018-08-02T20:19:58.91Z'
System info: host: 'DESKTOP-PAURPOM', ip: '192.168.1.26', os.name: 'Windows 10', os.arch: 'amd64', os.version: '10.0', java.version: '1.8.0_181'
Driver info: org.openqa.selenium.chrome.ChromeDriver
Capabilities {acceptInsecureCerts: false, acceptSslCerts: false, applicationCacheEnabled: false, browserConnectionEnabled: false, browserName: chrome, chrome: {chromedriverVersion: 2.41.578737 (49da6702b16031..., userDataDir: C:\Users\gobinda\AppData\Lo...}, cssSelectorsEnabled: true, databaseEnabled: false, goog:chromeOptions: {debuggerAddress: localhost:59973}, handlesAlerts: true, hasTouchScreen: false, javascriptEnabled: true, locationContextEnabled: true, mobileEmulationEnabled: false, nativeEvents: true, networkConnectionEnabled: false, pageLoadStrategy: normal, platform: XP, platformName: XP, rotatable: false, setWindowRect: true, takesHeapSnapshot: true, takesScreenshot: true, unexpectedAlertBehaviour: , unhandledPromptBehavior: , version: 75.0.3770.100, webStorageEnabled: true}
Session ID: 26b6cebbfbc002d8b129b5cba1d27973
*** Element info: {Using=xpath, value=(//*[@class='a-nostyle a-list-link']/li)[2]}
	at com.amazon.test.steps.ATPlpPdpPageStep.selectQty2AndClickOnAddToCart(ATPlpPdpPageStep.java:36)

